2025-09-27 06:27:08,705 - INFO - Starting PDF processing...
2025-09-27 06:27:08,706 - INFO - Input directory: F:\TVSCS\PD_manipulatiun\PD
2025-09-27 06:27:08,706 - INFO - Using advanced processing method
2025-09-27 06:27:08,706 - INFO - Found 3 PDF files in F:\TVSCS\PD_manipulatiun\PD
2025-09-27 06:27:08,706 - INFO - Output directory: F:\TVSCS\PD_manipulatiun\PD\processed
2025-09-27 06:27:08,717 - INFO - Found 1 instances of 'KYC Report' in kyc_report_KID250525164019541F3SDNH7BWVYO71.pdf
2025-09-27 06:27:08,733 - INFO - Successfully replaced 'KYC Report' with 'PD Report' in kyc_report_KID250525164019541F3SDNH7BWVYO71.pdf
2025-09-27 06:27:08,756 - INFO - Found 1 instances of 'KYC Report' in kyc_report_KID250525173416538A7CPYO5GCIJB2O.pdf
2025-09-27 06:27:08,767 - INFO - Successfully replaced 'KYC Report' with 'PD Report' in kyc_report_KID250525173416538A7CPYO5GCIJB2O.pdf
2025-09-27 06:27:08,788 - INFO - Found 1 instances of 'KYC Report' in kyc_report_KID250525204448458IP7VGDP6QY21O3.pdf
2025-09-27 06:27:08,799 - INFO - Successfully replaced 'KYC Report' with 'PD Report' in kyc_report_KID250525204448458IP7VGDP6QY21O3.pdf
2025-09-27 06:27:08,799 - INFO - Processing complete: 3 successful, 0 failed
2025-09-27 06:27:08,800 - INFO - PDF processing completed successfully!
2025-09-27 06:31:28,697 - INFO - Starting PDF processing...
2025-09-27 06:31:28,698 - INFO - Input directory: F:\TVSCS\PD_manipulatiun\PD
2025-09-27 06:31:28,698 - INFO - Using precise processing method
2025-09-27 06:31:28,698 - INFO - Found 3 PDF files in F:\TVSCS\PD_manipulatiun\PD
2025-09-27 06:31:28,699 - INFO - Output directory: F:\TVSCS\PD_manipulatiun\PD\processed
2025-09-27 06:31:28,708 - INFO - Found 'KYC Report' with font: Times-Bold, size: 25.0, color: 26316
2025-09-27 06:31:28,710 - INFO - Replacing 'KYC Report' with 'PD Report'
2025-09-27 06:31:28,716 - ERROR - Error processing kyc_report_KID250525164019541F3SDNH7BWVYO71.pdf: need 1, 3 or 4 color components in range 0 to 1
2025-09-27 06:31:28,716 - WARNING - Precise method failed for kyc_report_KID250525164019541F3SDNH7BWVYO71.pdf, trying standard method
2025-09-27 06:31:28,724 - INFO - Found 'KYC Report' in kyc_report_KID250525164019541F3SDNH7BWVYO71.pdf with font: Times-Bold, size: 25.0
2025-09-27 06:31:28,725 - INFO - Found 1 instances of 'KYC Report' in kyc_report_KID250525164019541F3SDNH7BWVYO71.pdf
2025-09-27 06:31:28,733 - ERROR - Error processing kyc_report_KID250525164019541F3SDNH7BWVYO71.pdf: need 1, 3 or 4 color components in range 0 to 1
2025-09-27 06:31:28,734 - WARNING - Standard method failed for kyc_report_KID250525164019541F3SDNH7BWVYO71.pdf, trying simple method
2025-09-27 06:31:28,751 - INFO - Found 'KYC Report' in kyc_report_KID250525164019541F3SDNH7BWVYO71.pdf, page 1
2025-09-27 06:31:28,765 - INFO - Added watermark to page 1 in kyc_report_KID250525164019541F3SDNH7BWVYO71.pdf
2025-09-27 06:31:28,777 - INFO - Successfully processed kyc_report_KID250525164019541F3SDNH7BWVYO71.pdf -> kyc_report_KID250525164019541F3SDNH7BWVYO71.pdf
2025-09-27 06:31:28,783 - INFO - Found 'KYC Report' with font: Times-Bold, size: 25.0, color: 26316
2025-09-27 06:31:28,783 - INFO - Replacing 'KYC Report' with 'PD Report'
2025-09-27 06:31:28,785 - ERROR - Error processing kyc_report_KID250525173416538A7CPYO5GCIJB2O.pdf: need 1, 3 or 4 color components in range 0 to 1
2025-09-27 06:31:28,786 - WARNING - Precise method failed for kyc_report_KID250525173416538A7CPYO5GCIJB2O.pdf, trying standard method
2025-09-27 06:31:28,791 - INFO - Found 'KYC Report' in kyc_report_KID250525173416538A7CPYO5GCIJB2O.pdf with font: Times-Bold, size: 25.0
2025-09-27 06:31:28,792 - INFO - Found 1 instances of 'KYC Report' in kyc_report_KID250525173416538A7CPYO5GCIJB2O.pdf
2025-09-27 06:31:28,798 - ERROR - Error processing kyc_report_KID250525173416538A7CPYO5GCIJB2O.pdf: need 1, 3 or 4 color components in range 0 to 1
2025-09-27 06:31:28,798 - WARNING - Standard method failed for kyc_report_KID250525173416538A7CPYO5GCIJB2O.pdf, trying simple method
2025-09-27 06:31:28,804 - INFO - Found 'KYC Report' in kyc_report_KID250525173416538A7CPYO5GCIJB2O.pdf, page 1
2025-09-27 06:31:28,814 - INFO - Added watermark to page 1 in kyc_report_KID250525173416538A7CPYO5GCIJB2O.pdf
2025-09-27 06:31:28,825 - INFO - Successfully processed kyc_report_KID250525173416538A7CPYO5GCIJB2O.pdf -> kyc_report_KID250525173416538A7CPYO5GCIJB2O.pdf
2025-09-27 06:31:28,829 - INFO - Found 'KYC Report' with font: Times-Bold, size: 25.0, color: 26316
2025-09-27 06:31:28,830 - INFO - Replacing 'KYC Report' with 'PD Report'
2025-09-27 06:31:28,831 - ERROR - Error processing kyc_report_KID250525204448458IP7VGDP6QY21O3.pdf: need 1, 3 or 4 color components in range 0 to 1
2025-09-27 06:31:28,832 - WARNING - Precise method failed for kyc_report_KID250525204448458IP7VGDP6QY21O3.pdf, trying standard method
2025-09-27 06:31:28,836 - INFO - Found 'KYC Report' in kyc_report_KID250525204448458IP7VGDP6QY21O3.pdf with font: Times-Bold, size: 25.0
2025-09-27 06:31:28,837 - INFO - Found 1 instances of 'KYC Report' in kyc_report_KID250525204448458IP7VGDP6QY21O3.pdf
2025-09-27 06:31:28,841 - ERROR - Error processing kyc_report_KID250525204448458IP7VGDP6QY21O3.pdf: need 1, 3 or 4 color components in range 0 to 1
2025-09-27 06:31:28,841 - WARNING - Standard method failed for kyc_report_KID250525204448458IP7VGDP6QY21O3.pdf, trying simple method
2025-09-27 06:31:28,847 - INFO - Found 'KYC Report' in kyc_report_KID250525204448458IP7VGDP6QY21O3.pdf, page 1
2025-09-27 06:31:28,856 - INFO - Added watermark to page 1 in kyc_report_KID250525204448458IP7VGDP6QY21O3.pdf
2025-09-27 06:31:28,866 - INFO - Successfully processed kyc_report_KID250525204448458IP7VGDP6QY21O3.pdf -> kyc_report_KID250525204448458IP7VGDP6QY21O3.pdf
2025-09-27 06:31:28,866 - INFO - Processing complete: 3 successful, 0 failed
2025-09-27 06:31:28,866 - INFO - PDF processing completed successfully!
2025-09-27 06:31:56,149 - INFO - Starting PDF processing...
2025-09-27 06:31:56,149 - INFO - Input directory: F:\TVSCS\PD_manipulatiun\PD
2025-09-27 06:31:56,149 - INFO - Using precise processing method
2025-09-27 06:31:56,150 - INFO - Found 3 PDF files in F:\TVSCS\PD_manipulatiun\PD
2025-09-27 06:31:56,150 - INFO - Output directory: F:\TVSCS\PD_manipulatiun\PD\processed
2025-09-27 06:31:56,157 - INFO - Found 'KYC Report' with font: Times-Bold, size: 25.0, color: 26316
2025-09-27 06:31:56,158 - INFO - Replacing 'KYC Report' with 'PD Report'
2025-09-27 06:31:56,204 - ERROR - Error processing kyc_report_KID250525164019541F3SDNH7BWVYO71.pdf: 'Page' object has no attribute 'splitlines'
2025-09-27 06:31:56,204 - WARNING - Precise method failed for kyc_report_KID250525164019541F3SDNH7BWVYO71.pdf, trying standard method
2025-09-27 06:31:56,211 - INFO - Found 'KYC Report' in kyc_report_KID250525164019541F3SDNH7BWVYO71.pdf with font: Times-Bold, size: 25.0
2025-09-27 06:31:56,212 - INFO - Found 1 instances of 'KYC Report' in kyc_report_KID250525164019541F3SDNH7BWVYO71.pdf
2025-09-27 06:31:56,227 - INFO - Successfully replaced 'KYC Report' with 'PD Report' in kyc_report_KID250525164019541F3SDNH7BWVYO71.pdf
2025-09-27 06:31:56,234 - INFO - Found 'KYC Report' with font: Times-Bold, size: 25.0, color: 26316
2025-09-27 06:31:56,234 - INFO - Replacing 'KYC Report' with 'PD Report'
2025-09-27 06:31:56,269 - ERROR - Error processing kyc_report_KID250525173416538A7CPYO5GCIJB2O.pdf: 'Page' object has no attribute 'splitlines'
2025-09-27 06:31:56,269 - WARNING - Precise method failed for kyc_report_KID250525173416538A7CPYO5GCIJB2O.pdf, trying standard method
2025-09-27 06:31:56,276 - INFO - Found 'KYC Report' in kyc_report_KID250525173416538A7CPYO5GCIJB2O.pdf with font: Times-Bold, size: 25.0
2025-09-27 06:31:56,277 - INFO - Found 1 instances of 'KYC Report' in kyc_report_KID250525173416538A7CPYO5GCIJB2O.pdf
2025-09-27 06:31:56,291 - INFO - Successfully replaced 'KYC Report' with 'PD Report' in kyc_report_KID250525173416538A7CPYO5GCIJB2O.pdf
2025-09-27 06:31:56,299 - INFO - Found 'KYC Report' with font: Times-Bold, size: 25.0, color: 26316
2025-09-27 06:31:56,299 - INFO - Replacing 'KYC Report' with 'PD Report'
2025-09-27 06:31:56,331 - ERROR - Error processing kyc_report_KID250525204448458IP7VGDP6QY21O3.pdf: 'Page' object has no attribute 'splitlines'
2025-09-27 06:31:56,331 - WARNING - Precise method failed for kyc_report_KID250525204448458IP7VGDP6QY21O3.pdf, trying standard method
2025-09-27 06:31:56,339 - INFO - Found 'KYC Report' in kyc_report_KID250525204448458IP7VGDP6QY21O3.pdf with font: Times-Bold, size: 25.0
2025-09-27 06:31:56,340 - INFO - Found 1 instances of 'KYC Report' in kyc_report_KID250525204448458IP7VGDP6QY21O3.pdf
2025-09-27 06:31:56,353 - INFO - Successfully replaced 'KYC Report' with 'PD Report' in kyc_report_KID250525204448458IP7VGDP6QY21O3.pdf
2025-09-27 06:31:56,354 - INFO - Processing complete: 3 successful, 0 failed
2025-09-27 06:31:56,354 - INFO - PDF processing completed successfully!
2025-09-27 06:45:51,615 - INFO - Starting PDF processing...
2025-09-27 06:45:51,615 - INFO - Input directory: F:\TVSCS\PD_manipulatiun\PD
2025-09-27 06:45:51,616 - INFO - Using precise processing method
2025-09-27 06:45:51,617 - INFO - Found 3 PDF files in F:\TVSCS\PD_manipulatiun\PD
2025-09-27 06:45:51,617 - INFO - Output directory: F:\TVSCS\PD_manipulatiun\PD\processed
2025-09-27 06:45:51,625 - INFO - Found 'KYC Report' with font: Times-Bold, size: 25.0, color: 26316
2025-09-27 06:45:51,626 - INFO - Replacing 'KYC Report' with 'PD Report'
2025-09-27 06:45:51,663 - ERROR - Error processing kyc_report_KID250525164019541F3SDNH7BWVYO71.pdf: 'Page' object has no attribute 'splitlines'
2025-09-27 06:45:51,664 - WARNING - Precise method failed for kyc_report_KID250525164019541F3SDNH7BWVYO71.pdf, trying standard method
2025-09-27 06:45:51,671 - INFO - Found 'KYC Report' in kyc_report_KID250525164019541F3SDNH7BWVYO71.pdf with font: Times-Bold, size: 25.0
2025-09-27 06:45:51,672 - INFO - Found 1 instances of 'KYC Report' in kyc_report_KID250525164019541F3SDNH7BWVYO71.pdf
2025-09-27 06:45:51,687 - INFO - Successfully replaced 'KYC Report' with 'PD Report' in kyc_report_KID250525164019541F3SDNH7BWVYO71.pdf
2025-09-27 06:45:51,696 - INFO - Found 'KYC Report' with font: Times-Bold, size: 25.0, color: 26316
2025-09-27 06:45:51,696 - INFO - Replacing 'KYC Report' with 'PD Report'
2025-09-27 06:45:51,731 - ERROR - Error processing kyc_report_KID250525173416538A7CPYO5GCIJB2O.pdf: 'Page' object has no attribute 'splitlines'
2025-09-27 06:45:51,731 - WARNING - Precise method failed for kyc_report_KID250525173416538A7CPYO5GCIJB2O.pdf, trying standard method
2025-09-27 06:45:51,738 - INFO - Found 'KYC Report' in kyc_report_KID250525173416538A7CPYO5GCIJB2O.pdf with font: Times-Bold, size: 25.0
2025-09-27 06:45:51,739 - INFO - Found 1 instances of 'KYC Report' in kyc_report_KID250525173416538A7CPYO5GCIJB2O.pdf
2025-09-27 06:45:51,754 - INFO - Successfully replaced 'KYC Report' with 'PD Report' in kyc_report_KID250525173416538A7CPYO5GCIJB2O.pdf
2025-09-27 06:45:51,764 - INFO - Found 'KYC Report' with font: Times-Bold, size: 25.0, color: 26316
2025-09-27 06:45:51,764 - INFO - Replacing 'KYC Report' with 'PD Report'
2025-09-27 06:45:51,799 - ERROR - Error processing kyc_report_KID250525204448458IP7VGDP6QY21O3.pdf: 'Page' object has no attribute 'splitlines'
2025-09-27 06:45:51,800 - WARNING - Precise method failed for kyc_report_KID250525204448458IP7VGDP6QY21O3.pdf, trying standard method
2025-09-27 06:45:51,807 - INFO - Found 'KYC Report' in kyc_report_KID250525204448458IP7VGDP6QY21O3.pdf with font: Times-Bold, size: 25.0
2025-09-27 06:45:51,808 - INFO - Found 1 instances of 'KYC Report' in kyc_report_KID250525204448458IP7VGDP6QY21O3.pdf
2025-09-27 06:45:51,821 - INFO - Successfully replaced 'KYC Report' with 'PD Report' in kyc_report_KID250525204448458IP7VGDP6QY21O3.pdf
2025-09-27 06:45:51,822 - INFO - Processing complete: 3 successful, 0 failed
2025-09-27 06:45:51,822 - INFO - PDF processing completed successfully!
2025-09-27 06:48:52,354 - INFO - Starting PDF processing...
2025-09-27 06:48:52,355 - INFO - Input directory: F:\TVSCS\PD_manipulatiun\PD
2025-09-27 06:48:52,355 - INFO - Using overlay processing method
2025-09-27 06:48:52,355 - INFO - Found 3 PDF files in F:\TVSCS\PD_manipulatiun\PD
2025-09-27 06:48:52,356 - INFO - Output directory: F:\TVSCS\PD_manipulatiun\PD\processed
2025-09-27 06:48:52,364 - INFO - Found 'KYC Report' with font: Times-Bold, size: 25.0
2025-09-27 06:48:52,376 - INFO - Successfully replaced 'KYC Report' with 'PD Report' in kyc_report_KID250525164019541F3SDNH7BWVYO71.pdf
2025-09-27 06:48:52,382 - INFO - Found 'KYC Report' with font: Times-Bold, size: 25.0
2025-09-27 06:48:52,397 - INFO - Successfully replaced 'KYC Report' with 'PD Report' in kyc_report_KID250525173416538A7CPYO5GCIJB2O.pdf
2025-09-27 06:48:52,402 - INFO - Found 'KYC Report' with font: Times-Bold, size: 25.0
2025-09-27 06:48:52,416 - INFO - Successfully replaced 'KYC Report' with 'PD Report' in kyc_report_KID250525204448458IP7VGDP6QY21O3.pdf
2025-09-27 06:48:52,416 - INFO - Processing complete: 3 successful, 0 failed
2025-09-27 06:48:52,416 - INFO - PDF processing completed successfully!
2025-09-27 06:53:32,870 - INFO - Starting PDF processing...
2025-09-27 06:53:32,870 - INFO - Input directory: F:\TVSCS\PD_manipulatiun\PD
2025-09-27 06:53:32,871 - INFO - Using direct processing method
2025-09-27 06:53:32,871 - INFO - Found 3 PDF files in F:\TVSCS\PD_manipulatiun\PD
2025-09-27 06:53:32,872 - INFO - Output directory: F:\TVSCS\PD_manipulatiun\PD\processed
2025-09-27 06:53:32,883 - INFO - Found 'KYC Report' with font: Times-Bold, size: 25.0
2025-09-27 06:53:32,884 - INFO - Replacing 'KYC Report' with 'PD Report'
2025-09-27 06:53:32,926 - ERROR - Error processing kyc_report_KID250525164019541F3SDNH7BWVYO71.pdf: 'Page' object has no attribute 'splitlines'
2025-09-27 06:53:32,927 - WARNING - Direct method failed for kyc_report_KID250525164019541F3SDNH7BWVYO71.pdf, trying overlay method
2025-09-27 06:53:32,935 - INFO - Found 'KYC Report' with font: Times-Bold, size: 25.0
2025-09-27 06:53:32,951 - INFO - Successfully replaced 'KYC Report' with 'PD Report' in kyc_report_KID250525164019541F3SDNH7BWVYO71.pdf
2025-09-27 06:53:32,960 - INFO - Found 'KYC Report' with font: Times-Bold, size: 25.0
2025-09-27 06:53:32,960 - INFO - Replacing 'KYC Report' with 'PD Report'
2025-09-27 06:53:33,004 - ERROR - Error processing kyc_report_KID250525173416538A7CPYO5GCIJB2O.pdf: 'Page' object has no attribute 'splitlines'
2025-09-27 06:53:33,004 - WARNING - Direct method failed for kyc_report_KID250525173416538A7CPYO5GCIJB2O.pdf, trying overlay method
2025-09-27 06:53:33,011 - INFO - Found 'KYC Report' with font: Times-Bold, size: 25.0
2025-09-27 06:53:33,025 - INFO - Successfully replaced 'KYC Report' with 'PD Report' in kyc_report_KID250525173416538A7CPYO5GCIJB2O.pdf
2025-09-27 06:53:33,032 - INFO - Found 'KYC Report' with font: Times-Bold, size: 25.0
2025-09-27 06:53:33,033 - INFO - Replacing 'KYC Report' with 'PD Report'
2025-09-27 06:53:33,066 - ERROR - Error processing kyc_report_KID250525204448458IP7VGDP6QY21O3.pdf: 'Page' object has no attribute 'splitlines'
2025-09-27 06:53:33,066 - WARNING - Direct method failed for kyc_report_KID250525204448458IP7VGDP6QY21O3.pdf, trying overlay method
2025-09-27 06:53:33,073 - INFO - Found 'KYC Report' with font: Times-Bold, size: 25.0
2025-09-27 06:53:33,087 - INFO - Successfully replaced 'KYC Report' with 'PD Report' in kyc_report_KID250525204448458IP7VGDP6QY21O3.pdf
2025-09-27 06:53:33,087 - INFO - Processing complete: 3 successful, 0 failed
2025-09-27 06:53:33,087 - INFO - PDF processing completed successfully!
2025-09-27 06:55:04,045 - INFO - Starting PDF processing...
2025-09-27 06:55:04,046 - INFO - Input directory: F:\TVSCS\PD_manipulatiun\PD
2025-09-27 06:55:04,047 - INFO - Using minimal processing method
2025-09-27 06:55:04,048 - INFO - Found 3 PDF files in F:\TVSCS\PD_manipulatiun\PD
2025-09-27 06:55:04,049 - INFO - Output directory: F:\TVSCS\PD_manipulatiun\PD\processed
2025-09-27 06:55:04,069 - INFO - Found 'KYC Report' with font: Times-Bold, size: 25.0
2025-09-27 06:55:04,085 - INFO - Successfully replaced 'KYC Report' with 'PD Report' in kyc_report_KID250525164019541F3SDNH7BWVYO71.pdf
2025-09-27 06:55:04,096 - INFO - Found 'KYC Report' with font: Times-Bold, size: 25.0
2025-09-27 06:55:04,124 - INFO - Successfully replaced 'KYC Report' with 'PD Report' in kyc_report_KID250525173416538A7CPYO5GCIJB2O.pdf
2025-09-27 06:55:04,135 - INFO - Found 'KYC Report' with font: Times-Bold, size: 25.0
2025-09-27 06:55:04,151 - INFO - Successfully replaced 'KYC Report' with 'PD Report' in kyc_report_KID250525204448458IP7VGDP6QY21O3.pdf
2025-09-27 06:55:04,152 - INFO - Processing complete: 3 successful, 0 failed
2025-09-27 06:55:04,153 - INFO - PDF processing completed successfully!
2025-09-27 07:01:15,955 - INFO - Starting PDF processing...
2025-09-27 07:01:15,956 - INFO - Input directory: F:\TVSCS\PD_manipulatiun\PD
2025-09-27 07:01:15,956 - INFO - Using minimal processing method
2025-09-27 07:01:15,958 - INFO - Found 3 PDF files in F:\TVSCS\PD_manipulatiun\PD
2025-09-27 07:01:15,958 - INFO - Output directory: F:\TVSCS\PD_manipulatiun\PD\processed
2025-09-27 07:01:15,979 - INFO - Found 'KYC Report' with font: Times-Bold, size: 25.0
2025-09-27 07:01:16,013 - INFO - Successfully replaced 'KYC Report' with 'PD Report' in kyc_report_KID250525164019541F3SDNH7BWVYO71.pdf
2025-09-27 07:01:16,022 - INFO - Found 'KYC Report' with font: Times-Bold, size: 25.0
2025-09-27 07:01:16,046 - INFO - Successfully replaced 'KYC Report' with 'PD Report' in kyc_report_KID250525173416538A7CPYO5GCIJB2O.pdf
2025-09-27 07:01:16,055 - INFO - Found 'KYC Report' with font: Times-Bold, size: 25.0
2025-09-27 07:01:16,077 - INFO - Successfully replaced 'KYC Report' with 'PD Report' in kyc_report_KID250525204448458IP7VGDP6QY21O3.pdf
2025-09-27 07:01:16,077 - INFO - Processing complete: 3 successful, 0 failed
2025-09-27 07:01:16,078 - INFO - PDF processing completed successfully!
2025-09-27 07:01:34,718 - INFO - Starting PDF processing...
2025-09-27 07:01:34,718 - INFO - Input directory: F:\TVSCS\PD_manipulatiun\PD
2025-09-27 07:01:34,719 - INFO - Using minimal processing method
2025-09-27 07:01:34,719 - INFO - Found 3 PDF files in F:\TVSCS\PD_manipulatiun\PD
2025-09-27 07:01:34,720 - INFO - Output directory: F:\TVSCS\PD_manipulatiun\PD\processed
2025-09-27 07:01:34,736 - INFO - Found 'KYC Report' with font: Times-Bold, size: 25.0
2025-09-27 07:01:34,763 - INFO - Successfully replaced 'KYC Report' with 'PD Report' in kyc_report_KID250525164019541F3SDNH7BWVYO71.pdf
2025-09-27 07:01:34,772 - INFO - Found 'KYC Report' with font: Times-Bold, size: 25.0
2025-09-27 07:01:34,798 - INFO - Successfully replaced 'KYC Report' with 'PD Report' in kyc_report_KID250525173416538A7CPYO5GCIJB2O.pdf
2025-09-27 07:01:34,808 - INFO - Found 'KYC Report' with font: Times-Bold, size: 25.0
2025-09-27 07:01:34,832 - INFO - Successfully replaced 'KYC Report' with 'PD Report' in kyc_report_KID250525204448458IP7VGDP6QY21O3.pdf
2025-09-27 07:01:34,833 - INFO - Processing complete: 3 successful, 0 failed
2025-09-27 07:01:34,833 - INFO - PDF processing completed successfully!
2025-09-27 07:02:26,148 - INFO - Starting PDF processing...
2025-09-27 07:02:26,148 - INFO - Input directory: F:\TVSCS\PD_manipulatiun\PD
2025-09-27 07:02:26,149 - INFO - Using minimal processing method
2025-09-27 07:02:26,150 - INFO - Found 3 PDF files in F:\TVSCS\PD_manipulatiun\PD
2025-09-27 07:02:26,151 - INFO - Output directory: F:\TVSCS\PD_manipulatiun\PD\processed
2025-09-27 07:02:26,172 - INFO - Found 'KYC Report' with font: Times-Bold, size: 25.0
2025-09-27 07:02:26,229 - INFO - Successfully replaced 'KYC Report' with 'PD Report' in kyc_report_KID250525164019541F3SDNH7BWVYO71.pdf
2025-09-27 07:02:26,243 - INFO - Found 'KYC Report' with font: Times-Bold, size: 25.0
2025-09-27 07:02:26,277 - INFO - Successfully replaced 'KYC Report' with 'PD Report' in kyc_report_KID250525173416538A7CPYO5GCIJB2O.pdf
2025-09-27 07:02:26,286 - INFO - Found 'KYC Report' with font: Times-Bold, size: 25.0
2025-09-27 07:02:26,315 - INFO - Successfully replaced 'KYC Report' with 'PD Report' in kyc_report_KID250525204448458IP7VGDP6QY21O3.pdf
2025-09-27 07:02:26,316 - INFO - Processing complete: 3 successful, 0 failed
2025-09-27 07:02:26,317 - INFO - PDF processing completed successfully!
2025-09-27 07:04:11,073 - INFO - Starting PDF processing...
2025-09-27 07:04:11,074 - INFO - Input directory: F:\TVSCS\PD_manipulatiun\PD
2025-09-27 07:04:11,074 - INFO - Using minimal processing method
2025-09-27 07:04:11,075 - INFO - Found 3 PDF files in F:\TVSCS\PD_manipulatiun\PD
2025-09-27 07:04:11,078 - INFO - Output directory: F:\TVSCS\PD_manipulatiun\PD\processed
2025-09-27 07:04:11,092 - INFO - Found 'KYC Report' with font: Times-Bold, size: 25.0
2025-09-27 07:04:11,111 - INFO - Successfully replaced 'KYC Report' with 'PD Report' in kyc_report_KID250525164019541F3SDNH7BWVYO71.pdf
2025-09-27 07:04:11,117 - INFO - Found 'KYC Report' with font: Times-Bold, size: 25.0
2025-09-27 07:04:11,138 - INFO - Successfully replaced 'KYC Report' with 'PD Report' in kyc_report_KID250525173416538A7CPYO5GCIJB2O.pdf
2025-09-27 07:04:11,145 - INFO - Found 'KYC Report' with font: Times-Bold, size: 25.0
2025-09-27 07:04:11,156 - INFO - Successfully replaced 'KYC Report' with 'PD Report' in kyc_report_KID250525204448458IP7VGDP6QY21O3.pdf
2025-09-27 07:04:11,156 - INFO - Processing complete: 3 successful, 0 failed
2025-09-27 07:04:11,156 - INFO - PDF processing completed successfully!
2025-09-27 07:05:09,047 - INFO - Starting PDF processing...
2025-09-27 07:05:09,047 - INFO - Input directory: F:\TVSCS\PD_manipulatiun\PD
2025-09-27 07:05:09,048 - INFO - Using clean processing method
2025-09-27 07:05:09,049 - INFO - Found 3 PDF files in F:\TVSCS\PD_manipulatiun\PD
2025-09-27 07:05:09,049 - INFO - Output directory: F:\TVSCS\PD_manipulatiun\PD\processed
2025-09-27 07:05:09,065 - INFO - Found 'KYC Report' with font: Times-Bold, size: 25.0
2025-09-27 07:05:09,079 - INFO - Successfully replaced 'KYC Report' with 'PD Report' in kyc_report_KID250525164019541F3SDNH7BWVYO71.pdf
2025-09-27 07:05:09,090 - INFO - Found 'KYC Report' with font: Times-Bold, size: 25.0
2025-09-27 07:05:09,106 - INFO - Successfully replaced 'KYC Report' with 'PD Report' in kyc_report_KID250525173416538A7CPYO5GCIJB2O.pdf
2025-09-27 07:05:09,114 - INFO - Found 'KYC Report' with font: Times-Bold, size: 25.0
2025-09-27 07:05:09,142 - INFO - Successfully replaced 'KYC Report' with 'PD Report' in kyc_report_KID250525204448458IP7VGDP6QY21O3.pdf
2025-09-27 07:05:09,142 - INFO - Processing complete: 3 successful, 0 failed
2025-09-27 07:05:09,143 - INFO - PDF processing completed successfully!
2025-09-27 07:10:11,553 - INFO - Starting PDF processing...
2025-09-27 07:10:11,554 - INFO - Input directory: F:\TVSCS\PD_manipulatiun\PD
2025-09-27 07:10:11,555 - INFO - Using clean processing method
2025-09-27 07:10:11,556 - INFO - Found 3 PDF files in F:\TVSCS\PD_manipulatiun\PD
2025-09-27 07:10:11,557 - INFO - Output directory: F:\TVSCS\PD_manipulatiun\PD\processed
2025-09-27 07:10:11,575 - INFO - Found 'KYC Report' with font: Times-Bold, size: 25.0
2025-09-27 07:10:11,599 - INFO - Successfully replaced 'KYC Report' with 'PD Report' in kyc_report_KID250525164019541F3SDNH7BWVYO71.pdf
2025-09-27 07:10:11,612 - INFO - Found 'KYC Report' with font: Times-Bold, size: 25.0
2025-09-27 07:10:11,630 - INFO - Successfully replaced 'KYC Report' with 'PD Report' in kyc_report_KID250525173416538A7CPYO5GCIJB2O.pdf
2025-09-27 07:10:11,641 - INFO - Found 'KYC Report' with font: Times-Bold, size: 25.0
2025-09-27 07:10:11,657 - INFO - Successfully replaced 'KYC Report' with 'PD Report' in kyc_report_KID250525204448458IP7VGDP6QY21O3.pdf
2025-09-27 07:10:11,657 - INFO - Processing complete: 3 successful, 0 failed
2025-09-27 07:10:11,658 - INFO - PDF processing completed successfully!
2025-09-27 07:15:06,628 - INFO - Starting PDF processing...
2025-09-27 07:15:06,629 - INFO - Input directory: F:\TVSCS\PD_manipulation\PD
2025-09-27 07:15:06,629 - INFO - Using clean processing method
2025-09-27 07:15:06,630 - INFO - Found 3 PDF files in F:\TVSCS\PD_manipulation\PD
2025-09-27 07:15:06,631 - INFO - Output directory: F:\TVSCS\PD_manipulation\PD\processed
2025-09-27 07:15:06,645 - INFO - Found 'KYC Report' with font: Times-Bold, size: 25.0
2025-09-27 07:15:06,665 - INFO - Successfully replaced 'KYC Report' with 'PD Report' in kyc_report_KID250525164019541F3SDNH7BWVYO71.pdf
2025-09-27 07:15:06,683 - INFO - Found 'KYC Report' with font: Times-Bold, size: 25.0
2025-09-27 07:15:06,706 - INFO - Successfully replaced 'KYC Report' with 'PD Report' in kyc_report_KID250525173416538A7CPYO5GCIJB2O.pdf
2025-09-27 07:15:06,714 - INFO - Found 'KYC Report' with font: Times-Bold, size: 25.0
2025-09-27 07:15:06,730 - INFO - Successfully replaced 'KYC Report' with 'PD Report' in kyc_report_KID250525204448458IP7VGDP6QY21O3.pdf
2025-09-27 07:15:06,730 - INFO - Processing complete: 3 successful, 0 failed
2025-09-27 07:15:06,731 - INFO - PDF processing completed successfully!
2025-09-27 07:16:52,367 - INFO - Starting PDF processing...
2025-09-27 07:16:52,367 - INFO - Input directory: F:\TVSCS\PD_manipulation\PD
2025-09-27 07:16:52,368 - INFO - Using clean processing method
2025-09-27 07:16:52,369 - INFO - Found 3 PDF files in F:\TVSCS\PD_manipulation\PD
2025-09-27 07:16:52,370 - INFO - Output directory: F:\TVSCS\PD_manipulation\PD\processed
2025-09-27 07:16:52,388 - INFO - Found 'KYC Report' with font: Times-Bold, size: 25.0
2025-09-27 07:16:52,407 - INFO - Successfully replaced 'KYC Report' with 'PD Report' in kyc_report_KID250525164019541F3SDNH7BWVYO71.pdf
2025-09-27 07:16:52,421 - INFO - Found 'KYC Report' with font: Times-Bold, size: 25.0
2025-09-27 07:16:52,442 - INFO - Successfully replaced 'KYC Report' with 'PD Report' in kyc_report_KID250525173416538A7CPYO5GCIJB2O.pdf
2025-09-27 07:16:52,453 - INFO - Found 'KYC Report' with font: Times-Bold, size: 25.0
2025-09-27 07:16:52,472 - INFO - Successfully replaced 'KYC Report' with 'PD Report' in kyc_report_KID250525204448458IP7VGDP6QY21O3.pdf
2025-09-27 07:16:52,472 - INFO - Processing complete: 3 successful, 0 failed
2025-09-27 07:16:52,473 - INFO - PDF processing completed successfully!
2025-09-27 07:19:53,661 - INFO - Starting PDF processing...
2025-09-27 07:19:53,662 - INFO - Input directory: F:\TVSCS\PD_manipulation\PD
2025-09-27 07:19:53,662 - INFO - Using clean processing method
2025-09-27 07:19:53,664 - INFO - Found 3 PDF files in F:\TVSCS\PD_manipulation\PD
2025-09-27 07:19:53,664 - INFO - Output directory: F:\TVSCS\PD_manipulation\PD\processed
2025-09-27 07:19:53,681 - INFO - Found 'KYC Report' with font: Times-Bold, size: 25.0
2025-09-27 07:19:53,698 - INFO - Successfully replaced 'KYC Report' with 'PD Report' in kyc_report_KID250525164019541F3SDNH7BWVYO71.pdf
2025-09-27 07:19:53,711 - INFO - Found 'KYC Report' with font: Times-Bold, size: 25.0
2025-09-27 07:19:53,741 - INFO - Successfully replaced 'KYC Report' with 'PD Report' in kyc_report_KID250525173416538A7CPYO5GCIJB2O.pdf
2025-09-27 07:19:53,751 - INFO - Found 'KYC Report' with font: Times-Bold, size: 25.0
2025-09-27 07:19:53,768 - INFO - Successfully replaced 'KYC Report' with 'PD Report' in kyc_report_KID250525204448458IP7VGDP6QY21O3.pdf
2025-09-27 07:19:53,769 - INFO - Processing complete: 3 successful, 0 failed
2025-09-27 07:19:53,770 - INFO - PDF processing completed successfully!
2025-09-27 07:21:57,182 - INFO - Starting PDF processing...
2025-09-27 07:21:57,182 - INFO - Input directory: F:\TVSCS\PD_manipulation\PD
2025-09-27 07:21:57,182 - INFO - Using clean processing method
2025-09-27 07:21:57,183 - INFO - Found 3 PDF files in F:\TVSCS\PD_manipulation\PD
2025-09-27 07:21:57,183 - INFO - Output directory: F:\TVSCS\PD_manipulation\PD\processed
2025-09-27 07:21:57,193 - INFO - Found 'KYC Report' with font: Times-Bold, size: 25.0
2025-09-27 07:21:57,206 - INFO - Successfully replaced 'KYC Report' with 'PD Report' in kyc_report_KID250525164019541F3SDNH7BWVYO71.pdf
2025-09-27 07:21:57,215 - INFO - Found 'KYC Report' with font: Times-Bold, size: 25.0
2025-09-27 07:21:57,230 - INFO - Successfully replaced 'KYC Report' with 'PD Report' in kyc_report_KID250525173416538A7CPYO5GCIJB2O.pdf
2025-09-27 07:21:57,236 - INFO - Found 'KYC Report' with font: Times-Bold, size: 25.0
2025-09-27 07:21:57,247 - INFO - Successfully replaced 'KYC Report' with 'PD Report' in kyc_report_KID250525204448458IP7VGDP6QY21O3.pdf
2025-09-27 07:21:57,247 - INFO - Processing complete: 3 successful, 0 failed
2025-09-27 07:21:57,250 - INFO - PDF processing completed successfully!
